<?xml version="1.0" encoding="UTF-8"?>
<testsuite xmlns:xsi="http://www.w3.org/2001/XMLSchema-instance" xsi:noNamespaceSchemaLocation="https://maven.apache.org/surefire/maven-surefire-plugin/xsd/surefire-test-report-3.0.xsd" version="3.0" name="com.hrms.runners.APIRunner" time="2.095" tests="2" errors="0" skipped="0" failures="0">
  <properties>
[...]
</properties>
  <testcase name="Creating an employee" classname="Syntax HRMS API Workflow" time="1.524">
    <system-out><![CDATA[
@APIWorkflow
Scenario: Creating an employee                                                                            &amp#27;[90m# src/test/resources/features/APIWorkflow.feature:10&amp#27;[0m
{
    "token": "eyJ0eXAiOiJKV1QiLCJhbGciOiJIUzI1NiJ9.eyJpYXQiOjE2MTQ4OTMzMzcsImlzcyI6ImxvY2FsaG9zdCIsImV4cCI6MTYxNDkzNjUzNywidXNlcklkIjoiMjQyNiJ9.BIe8E9ekxpGNtZEgLq7cI_muFYXkrr-wrlmm15pHKvw"
}
  &amp#27;[32mGiven &amp#27;[0m&amp#27;[32ma JWT is generated&amp#27;[0m                                                                                &amp#27;[90m# com.hrms.API.workflow.steps.GenerateTokenSteps.a_JWT_is_generated()&amp#27;[0m
  &amp#27;[32mGiven &amp#27;[0m&amp#27;[32ma request is prepared to create an employee&amp#27;[0m                                                       &amp#27;[90m# com.hrms.API.workflow.steps.APIFinalSteps.a_request_is_prepared_to_create_an_employee()&amp#27;[0m
  &amp#27;[32mWhen &amp#27;[0m&amp#27;[32ma Post call is made to create an employee&amp#27;[0m                                                          &amp#27;[90m# com.hrms.API.workflow.steps.APIFinalSteps.a_Post_call_is_made_to_create_an_employee()&amp#27;[0m
  &amp#27;[32mThen &amp#27;[0m&amp#27;[32mthe status code for creating an employee is &amp#27;[0m&amp#27;[32m&amp#27;[1m201&amp#27;[0m                                                    &amp#27;[90m# com.hrms.API.workflow.steps.APIFinalSteps.the_status_code_for_creating_an_employee_is(int)&amp#27;[0m
  &amp#27;[32mAnd &amp#27;[0m&amp#27;[32mthe employee is created contains key &amp#27;[0m&amp#27;[32m&amp#27;[1m"Message"&amp#27;[0m&amp#27;[32m and value &amp#27;[0m&amp#27;[32m&amp#27;[1m"Entry Created"&amp#27;[0m                            &amp#27;[90m# com.hrms.API.workflow.steps.APIFinalSteps.the_employee_is_created_contains_key_and_value(java.lang.String,java.lang.String)&amp#27;[0m
  &amp#27;[32mAnd &amp#27;[0m&amp#27;[32mthe employee ID &amp#27;[0m&amp#27;[32m&amp#27;[1m"Employee[0].employee_id"&amp#27;[0m&amp#27;[32m is stored as a global variable to be used for other calls&amp#27;[0m &amp#27;[90m# com.hrms.API.workflow.steps.APIFinalSteps.the_employee_ID_is_stored_as_a_global_variable_to_be_used_for_other_calls(java.lang.String)&amp#27;[0m
]]></system-out>
    <system-err><![CDATA[Mar 04, 2021 4:28:40 PM io.cucumber.junit.Cucumber <init>
WARNING: By default Cucumber is running in --non-strict mode.
This default will change to --strict and --non-strict will be removed.
You can use --strict or @CucumberOptions(strict = true) to suppress this warning
]]></system-err>
  </testcase>
  <testcase name="Retrieving created employee" classname="Syntax HRMS API Workflow" time="0.346">
    <system-out><![CDATA[
@APIWorkflow
Scenario: Retrieving created employee                                                                                         &amp#27;[90m# src/test/resources/features/APIWorkflow.feature:18&amp#27;[0m
{
    "token": "eyJ0eXAiOiJKV1QiLCJhbGciOiJIUzI1NiJ9.eyJpYXQiOjE2MTQ4OTMzMzgsImlzcyI6ImxvY2FsaG9zdCIsImV4cCI6MTYxNDkzNjUzOCwidXNlcklkIjoiMjQyNiJ9.EAWXgzMbtF81MM6RuzYeQ9eVnzk65ztk0plYiOyd6Jg"
}
  &amp#27;[32mGiven &amp#27;[0m&amp#27;[32ma JWT is generated&amp#27;[0m                                                                                                    &amp#27;[90m# com.hrms.API.workflow.steps.GenerateTokenSteps.a_JWT_is_generated()&amp#27;[0m
  &amp#27;[32mGiven &amp#27;[0m&amp#27;[32ma request is prepared to retrieve the created employee&amp#27;[0m                                                                &amp#27;[90m# com.hrms.API.workflow.steps.APIFinalSteps.a_request_is_prepared_to_retrieve_the_created_employee()&amp#27;[0m
  &amp#27;[32mWhen &amp#27;[0m&amp#27;[32ma GET call is made to retrieve the created employee&amp#27;[0m                                                                    &amp#27;[90m# com.hrms.API.workflow.steps.APIFinalSteps.a_GET_call_is_made_to_retrieve_the_created_employee()&amp#27;[0m
  &amp#27;[32mThen &amp#27;[0m&amp#27;[32mthe status code for retrieving the created employee is &amp#27;[0m&amp#27;[32m&amp#27;[1m200&amp#27;[0m                                                             &amp#27;[90m# com.hrms.API.workflow.steps.APIFinalSteps.the_status_code_for_retrieving_the_created_employee_is(int)&amp#27;[0m
  &amp#27;[32mAnd &amp#27;[0m&amp#27;[32mthe retrieved employee ID &amp#27;[0m&amp#27;[32m&amp#27;[1m"employee[0].employee_id"&amp#27;[0m&amp#27;[32m matches the globally stored employee ID&amp#27;[0m                             &amp#27;[90m# com.hrms.API.workflow.steps.APIFinalSteps.the_retrieved_employee_ID_matches_the_globally_stored_employee_ID(java.lang.String)&amp#27;[0m
  &amp#27;[32mAnd &amp#27;[0m&amp#27;[32mthe retrieved data at &amp#27;[0m&amp#27;[32m&amp#27;[1m"employee"&amp#27;[0m&amp#27;[32m matches the data used to create an employee with employee ID &amp#27;[0m&amp#27;[32m&amp#27;[1m"employee[0].employee_id"&amp#27;[0m &amp#27;[90m# com.hrms.API.workflow.steps.APIFinalSteps.the_retrieved_data_at_matches_the_data_used_to_create_an_employee_with_employee_ID(java.lang.String,java.lang.String,io.cucumber.datatable.DataTable)&amp#27;[0m
]]></system-out>
  </testcase>
</testsuite>